Build started 02-Jun-16 1:25:23 PM.
     1>Project "D:\Mạng máy tính\Socket\New folder\1_1461350_1461458\Socket\Socket\server\server\server.vcxproj" on node 2 (Build target(s)).
     1>ClCompile:
         C:\Program Files (x86)\Microsoft Visual Studio 12.0\VC\bin\CL.exe /c /ZI /nologo /W3 /WX- /Od /Oy- /D WIN32 /D _DEBUG /D _CONSOLE /D _LIB /D _UNICODE /D UNICODE /D _AFXDLL /Gm /EHsc /RTC1 /MDd /GS /fp:precise /Zc:wchar_t /Zc:forScope /Yu"stdafx.h" /Fp"Debug\server.pch" /Fo"Debug\\" /Fd"Debug\vc120.pdb" /Gd /TP /analyze- /errorReport:prompt server.cpp
         server.cpp
     1>d:\mạng máy tính\socket\new folder\1_1461350_1461458\socket\socket\server\server\thongtinkhohang.h(14): warning C4996: 'strcpy': This function or variable may be unsafe. Consider using strcpy_s instead. To disable deprecation, use _CRT_SECURE_NO_WARNINGS. See online help for details.
                 c:\program files (x86)\microsoft visual studio 12.0\vc\include\string.h(112) : see declaration of 'strcpy'
     1>d:\mạng máy tính\socket\new folder\1_1461350_1461458\socket\socket\server\server\server.cpp(38): warning C4566: character represented by universal-character-name '\u1EA1' cannot be represented in the current code page (1252)
     1>d:\mạng máy tính\socket\new folder\1_1461350_1461458\socket\socket\server\server\server.cpp(39): warning C4996: 'strcpy': This function or variable may be unsafe. Consider using strcpy_s instead. To disable deprecation, use _CRT_SECURE_NO_WARNINGS. See online help for details.
                 c:\program files (x86)\microsoft visual studio 12.0\vc\include\string.h(112) : see declaration of 'strcpy'
     1>d:\mạng máy tính\socket\new folder\1_1461350_1461458\socket\socket\server\server\server.cpp(65): warning C4566: character represented by universal-character-name '\u1EA1' cannot be represented in the current code page (1252)
     1>d:\mạng máy tính\socket\new folder\1_1461350_1461458\socket\socket\server\server\server.cpp(141): warning C4566: character represented by universal-character-name '\u1EA1' cannot be represented in the current code page (1252)
     1>d:\mạng máy tính\socket\new folder\1_1461350_1461458\socket\socket\server\server\server.cpp(142): warning C4996: 'strcat': This function or variable may be unsafe. Consider using strcat_s instead. To disable deprecation, use _CRT_SECURE_NO_WARNINGS. See online help for details.
                 c:\program files (x86)\microsoft visual studio 12.0\vc\include\string.h(118) : see declaration of 'strcat'
     1>d:\mạng máy tính\socket\new folder\1_1461350_1461458\socket\socket\server\server\server.cpp(258): warning C4566: character represented by universal-character-name '\u1EA1' cannot be represented in the current code page (1252)
     1>d:\mạng máy tính\socket\new folder\1_1461350_1461458\socket\socket\server\server\server.cpp(259): warning C4996: 'strcpy': This function or variable may be unsafe. Consider using strcpy_s instead. To disable deprecation, use _CRT_SECURE_NO_WARNINGS. See online help for details.
                 c:\program files (x86)\microsoft visual studio 12.0\vc\include\string.h(112) : see declaration of 'strcpy'
     1>d:\mạng máy tính\socket\new folder\1_1461350_1461458\socket\socket\server\server\server.cpp(278): warning C4566: character represented by universal-character-name '\u1EA1' cannot be represented in the current code page (1252)
     1>d:\mạng máy tính\socket\new folder\1_1461350_1461458\socket\socket\server\server\server.cpp(279): warning C4996: 'strcat': This function or variable may be unsafe. Consider using strcat_s instead. To disable deprecation, use _CRT_SECURE_NO_WARNINGS. See online help for details.
                 c:\program files (x86)\microsoft visual studio 12.0\vc\include\string.h(118) : see declaration of 'strcat'
     1>d:\mạng máy tính\socket\new folder\1_1461350_1461458\socket\socket\server\server\server.cpp(378): warning C4018: '<' : signed/unsigned mismatch
     1>d:\mạng máy tính\socket\new folder\1_1461350_1461458\socket\socket\server\server\server.cpp(429): warning C4018: '<' : signed/unsigned mismatch
     1>d:\mạng máy tính\socket\new folder\1_1461350_1461458\socket\socket\server\server\server.cpp(433): warning C4258: 'i' : definition from the for loop is ignored; the definition from the enclosing scope is used
                 d:\mạng máy tính\socket\new folder\1_1461350_1461458\socket\socket\server\server\server.cpp(429) : definition of 'i' ignored
                 d:\mạng máy tính\socket\new folder\1_1461350_1461458\socket\socket\server\server\server.cpp(396) : definition of 'i' used
     1>d:\mạng máy tính\socket\new folder\1_1461350_1461458\socket\socket\server\server\server.cpp(481): warning C4566: character represented by universal-character-name '\u1EA1' cannot be represented in the current code page (1252)
     1>d:\mạng máy tính\socket\new folder\1_1461350_1461458\socket\socket\server\server\server.cpp(482): warning C4996: 'strcpy': This function or variable may be unsafe. Consider using strcpy_s instead. To disable deprecation, use _CRT_SECURE_NO_WARNINGS. See online help for details.
                 c:\program files (x86)\microsoft visual studio 12.0\vc\include\string.h(112) : see declaration of 'strcpy'
     1>d:\mạng máy tính\socket\new folder\1_1461350_1461458\socket\socket\server\server\server.cpp(502): warning C4566: character represented by universal-character-name '\u1EA1' cannot be represented in the current code page (1252)
     1>d:\mạng máy tính\socket\new folder\1_1461350_1461458\socket\socket\server\server\server.cpp(553): warning C4566: character represented by universal-character-name '\u1EA1' cannot be represented in the current code page (1252)
     1>d:\mạng máy tính\socket\new folder\1_1461350_1461458\socket\socket\server\server\server.cpp(654): warning C4566: character represented by universal-character-name '\u1EA1' cannot be represented in the current code page (1252)
     1>d:\mạng máy tính\socket\new folder\1_1461350_1461458\socket\socket\server\server\server.cpp(655): warning C4996: 'strcpy': This function or variable may be unsafe. Consider using strcpy_s instead. To disable deprecation, use _CRT_SECURE_NO_WARNINGS. See online help for details.
                 c:\program files (x86)\microsoft visual studio 12.0\vc\include\string.h(112) : see declaration of 'strcpy'
     1>d:\mạng máy tính\socket\new folder\1_1461350_1461458\socket\socket\server\server\server.cpp(666): warning C4566: character represented by universal-character-name '\u1EA1' cannot be represented in the current code page (1252)
     1>d:\mạng máy tính\socket\new folder\1_1461350_1461458\socket\socket\server\server\server.cpp(707): warning C4566: character represented by universal-character-name '\u1EA1' cannot be represented in the current code page (1252)
     1>d:\mạng máy tính\socket\new folder\1_1461350_1461458\socket\socket\server\server\server.cpp(734): warning C4566: character represented by universal-character-name '\u1EA1' cannot be represented in the current code page (1252)
       Link:
         C:\Program Files (x86)\Microsoft Visual Studio 12.0\VC\bin\link.exe /ERRORREPORT:PROMPT /OUT:"D:\Mạng máy tính\Socket\New folder\1_1461350_1461458\Socket\Socket\server\Debug\server.exe" /INCREMENTAL /NOLOGO /MANIFEST /MANIFESTUAC:"level='asInvoker' uiAccess='false'" /manifest:embed /manifestinput:"C:\Program Files (x86)\Microsoft Visual Studio 12.0\VC\Include\Manifest\dpiaware.manifest" /DEBUG /PDB:"D:\Mạng máy tính\Socket\New folder\1_1461350_1461458\Socket\Socket\server\Debug\server.pdb" /SUBSYSTEM:CONSOLE /TLBID:1 /DYNAMICBASE /NXCOMPAT /IMPLIB:"D:\Mạng máy tính\Socket\New folder\1_1461350_1461458\Socket\Socket\server\Debug\server.lib" /MACHINE:X86 Debug\server.res
         Debug\KhoHang.obj
         Debug\MatHang.obj
         Debug\server.obj
         Debug\stdafx.obj
         server.vcxproj -> D:\Mạng máy tính\Socket\New folder\1_1461350_1461458\Socket\Socket\server\Debug\server.exe
     1>Done Building Project "D:\Mạng máy tính\Socket\New folder\1_1461350_1461458\Socket\Socket\server\server\server.vcxproj" (Build target(s)).

Build succeeded.

Time Elapsed 00:00:01.35
