Build started 02-Jun-16 1:34:30 PM.
     1>Project "D:\Mạng máy tính\Socket\New folder\1_1461350_1461458\Socket\Socket\server\server\server.vcxproj" on node 2 (Build target(s)).
     1>ClCompile:
         C:\Program Files (x86)\Microsoft Visual Studio 12.0\VC\bin\CL.exe /c /Zi /nologo /W3 /WX- /O2 /Oi /Oy- /GL /D WIN32 /D NDEBUG /D _CONSOLE /D _LIB /D _UNICODE /D UNICODE /D _AFXDLL /Gm- /EHsc /MD /GS /Gy /fp:precise /Zc:wchar_t /Zc:forScope /Yu"stdafx.h" /Fp"Release\server.pch" /Fo"Release\\" /Fd"Release\vc120.pdb" /Gd /TP /analyze- /errorReport:prompt server.cpp
         server.cpp
     1>d:\mạng máy tính\socket\new folder\1_1461350_1461458\socket\socket\server\server\ThongTinKhoHang.h(14): warning C4996: 'strcpy': This function or variable may be unsafe. Consider using strcpy_s instead. To disable deprecation, use _CRT_SECURE_NO_WARNINGS. See online help for details.
                 C:\Program Files (x86)\Microsoft Visual Studio 12.0\VC\include\string.h(112) : see declaration of 'strcpy'
     1>server.cpp(39): warning C4996: 'strcpy': This function or variable may be unsafe. Consider using strcpy_s instead. To disable deprecation, use _CRT_SECURE_NO_WARNINGS. See online help for details.
                 C:\Program Files (x86)\Microsoft Visual Studio 12.0\VC\include\string.h(112) : see declaration of 'strcpy'
     1>server.cpp(142): warning C4996: 'strcat': This function or variable may be unsafe. Consider using strcat_s instead. To disable deprecation, use _CRT_SECURE_NO_WARNINGS. See online help for details.
                 C:\Program Files (x86)\Microsoft Visual Studio 12.0\VC\include\string.h(118) : see declaration of 'strcat'
     1>server.cpp(259): warning C4996: 'strcpy': This function or variable may be unsafe. Consider using strcpy_s instead. To disable deprecation, use _CRT_SECURE_NO_WARNINGS. See online help for details.
                 C:\Program Files (x86)\Microsoft Visual Studio 12.0\VC\include\string.h(112) : see declaration of 'strcpy'
     1>server.cpp(279): warning C4996: 'strcat': This function or variable may be unsafe. Consider using strcat_s instead. To disable deprecation, use _CRT_SECURE_NO_WARNINGS. See online help for details.
                 C:\Program Files (x86)\Microsoft Visual Studio 12.0\VC\include\string.h(118) : see declaration of 'strcat'
     1>server.cpp(378): warning C4018: '<' : signed/unsigned mismatch
     1>server.cpp(429): warning C4018: '<' : signed/unsigned mismatch
     1>server.cpp(433): warning C4258: 'i' : definition from the for loop is ignored; the definition from the enclosing scope is used
                 server.cpp(429) : definition of 'i' ignored
                 server.cpp(396) : definition of 'i' used
     1>server.cpp(482): warning C4996: 'strcpy': This function or variable may be unsafe. Consider using strcpy_s instead. To disable deprecation, use _CRT_SECURE_NO_WARNINGS. See online help for details.
                 C:\Program Files (x86)\Microsoft Visual Studio 12.0\VC\include\string.h(112) : see declaration of 'strcpy'
     1>server.cpp(655): warning C4996: 'strcpy': This function or variable may be unsafe. Consider using strcpy_s instead. To disable deprecation, use _CRT_SECURE_NO_WARNINGS. See online help for details.
                 C:\Program Files (x86)\Microsoft Visual Studio 12.0\VC\include\string.h(112) : see declaration of 'strcpy'
       Link:
         C:\Program Files (x86)\Microsoft Visual Studio 12.0\VC\bin\link.exe /ERRORREPORT:PROMPT /OUT:"D:\Mạng máy tính\Socket\New folder\1_1461350_1461458\Socket\Socket\server\Release\server.exe" /INCREMENTAL:NO /NOLOGO /MANIFEST /MANIFESTUAC:"level='asInvoker' uiAccess='false'" /manifest:embed /manifestinput:"C:\Program Files (x86)\Microsoft Visual Studio 12.0\VC\Include\Manifest\dpiaware.manifest" /DEBUG /PDB:"D:\Mạng máy tính\Socket\New folder\1_1461350_1461458\Socket\Socket\server\Release\server.pdb" /SUBSYSTEM:CONSOLE /OPT:REF /OPT:ICF /LTCG /TLBID:1 /DYNAMICBASE /NXCOMPAT /IMPLIB:"D:\Mạng máy tính\Socket\New folder\1_1461350_1461458\Socket\Socket\server\Release\server.lib" /MACHINE:X86 /SAFESEH Release\server.res
         Release\KhoHang.obj
         Release\MatHang.obj
         Release\server.obj
         Release\stdafx.obj
         Generating code
         Finished generating code
         server.vcxproj -> D:\Mạng máy tính\Socket\New folder\1_1461350_1461458\Socket\Socket\server\Release\server.exe
     1>Done Building Project "D:\Mạng máy tính\Socket\New folder\1_1461350_1461458\Socket\Socket\server\server\server.vcxproj" (Build target(s)).

Build succeeded.

Time Elapsed 00:00:03.06
